<?xml version="1.0" encoding="UTF-8"?>
<!-- Generated by org.testng.reporters.JUnitReportReporter -->
<testsuite skipped="0" hostname="LAPTOP-ICLT5HHI" name="flipkart.Demo1" tests="1" failures="0" timestamp="2020-08-10T17:04:49 IST" time="0.010" errors="0">
  <testcase name="demo" time="0.010" classname="flipkart.Demo1"/>
  <system-out>
hello hello hello hello hello hello  </system-out>
</testsuite> <!-- flipkart.Demo1 -->
